<?xml version="1.0" encoding="UTF-8"?><testrun name="org.allianz.hellospringboot" project="hellospringboot" tests="5" started="4" failures="0" errors="1" ignored="0">
  <testsuite name="org.allianz.hellospringboot.ClienteControllerTests" time="0.177" displayname="ClienteControllerTests" uniqueid="[engine:junit-jupiter]/[class:org.allianz.hellospringboot.ClienteControllerTests]">
    <testcase name="testListarTodosAuthorized" classname="org.allianz.hellospringboot.ClienteControllerTests" time="0.11" displayname="testListarTodosAuthorized()" uniqueid="[engine:junit-jupiter]/[class:org.allianz.hellospringboot.ClienteControllerTests]/[method:testListarTodosAuthorized()]"/>
    <testcase name="testControllerLoads" classname="org.allianz.hellospringboot.ClienteControllerTests" time="0.05" displayname="testControllerLoads()" uniqueid="[engine:junit-jupiter]/[class:org.allianz.hellospringboot.ClienteControllerTests]/[method:testControllerLoads()]"/>
    <testcase name="testListarTodosUnauthorized" classname="org.allianz.hellospringboot.ClienteControllerTests" time="0.013" displayname="testListarTodosUnauthorized()" uniqueid="[engine:junit-jupiter]/[class:org.allianz.hellospringboot.ClienteControllerTests]/[method:testListarTodosUnauthorized()]"/>
  </testsuite>
  <testsuite name="org.allianz.hellospringboot.ClienteServiceTests" incomplete="true" displayname="ClienteServiceTests" uniqueid="[engine:junit-jupiter]/[class:org.allianz.hellospringboot.ClienteServiceTests]">
    <error>org.junit.platform.commons.JUnitException: @BeforeAll method 'public void org.allianz.hellospringboot.ClienteServiceTests.configurarMocks()' must be static unless the test class is annotated with @TestInstance(Lifecycle.PER_CLASS).&#13;
	at org.junit.jupiter.engine.descriptor.LifecycleMethodUtils.assertStatic(LifecycleMethodUtils.java:57)&#13;
	at org.junit.jupiter.engine.descriptor.LifecycleMethodUtils.lambda$findMethodsAndAssertStatic$0(LifecycleMethodUtils.java:81)&#13;
	at java.base/java.util.ArrayList.forEach(ArrayList.java:1511)&#13;
	at java.base/java.util.Collections$UnmodifiableCollection.forEach(Collections.java:1092)&#13;
	at org.junit.jupiter.engine.descriptor.LifecycleMethodUtils.findMethodsAndAssertStatic(LifecycleMethodUtils.java:81)&#13;
	at org.junit.jupiter.engine.descriptor.LifecycleMethodUtils.findBeforeAllMethods(LifecycleMethodUtils.java:40)&#13;
	at org.junit.jupiter.engine.descriptor.ClassBasedTestDescriptor.prepare(ClassBasedTestDescriptor.java:161)&#13;
	at org.junit.jupiter.engine.descriptor.ClassBasedTestDescriptor.prepare(ClassBasedTestDescriptor.java:80)&#13;
	at org.junit.platform.engine.support.hierarchical.NodeTestTask.lambda$prepare$2(NodeTestTask.java:123)&#13;
	at org.junit.platform.engine.support.hierarchical.ThrowableCollector.execute(ThrowableCollector.java:73)&#13;
	at org.junit.platform.engine.support.hierarchical.NodeTestTask.prepare(NodeTestTask.java:123)&#13;
	at org.junit.platform.engine.support.hierarchical.NodeTestTask.execute(NodeTestTask.java:90)&#13;
	at java.base/java.util.ArrayList.forEach(ArrayList.java:1511)&#13;
	at org.junit.platform.engine.support.hierarchical.SameThreadHierarchicalTestExecutorService.invokeAll(SameThreadHierarchicalTestExecutorService.java:41)&#13;
	at org.junit.platform.engine.support.hierarchical.NodeTestTask.lambda$executeRecursively$6(NodeTestTask.java:155)&#13;
	at org.junit.platform.engine.support.hierarchical.ThrowableCollector.execute(ThrowableCollector.java:73)&#13;
	at org.junit.platform.engine.support.hierarchical.NodeTestTask.lambda$executeRecursively$8(NodeTestTask.java:141)&#13;
	at org.junit.platform.engine.support.hierarchical.Node.around(Node.java:137)&#13;
	at org.junit.platform.engine.support.hierarchical.NodeTestTask.lambda$executeRecursively$9(NodeTestTask.java:139)&#13;
	at org.junit.platform.engine.support.hierarchical.ThrowableCollector.execute(ThrowableCollector.java:73)&#13;
	at org.junit.platform.engine.support.hierarchical.NodeTestTask.executeRecursively(NodeTestTask.java:138)&#13;
	at org.junit.platform.engine.support.hierarchical.NodeTestTask.execute(NodeTestTask.java:95)&#13;
	at org.junit.platform.engine.support.hierarchical.SameThreadHierarchicalTestExecutorService.submit(SameThreadHierarchicalTestExecutorService.java:35)&#13;
	at org.junit.platform.engine.support.hierarchical.HierarchicalTestExecutor.execute(HierarchicalTestExecutor.java:57)&#13;
	at org.junit.platform.engine.support.hierarchical.HierarchicalTestEngine.execute(HierarchicalTestEngine.java:54)&#13;
	at org.junit.platform.launcher.core.EngineExecutionOrchestrator.execute(EngineExecutionOrchestrator.java:107)&#13;
	at org.junit.platform.launcher.core.EngineExecutionOrchestrator.execute(EngineExecutionOrchestrator.java:88)&#13;
	at org.junit.platform.launcher.core.EngineExecutionOrchestrator.lambda$execute$0(EngineExecutionOrchestrator.java:54)&#13;
	at org.junit.platform.launcher.core.EngineExecutionOrchestrator.withInterceptedStreams(EngineExecutionOrchestrator.java:67)&#13;
	at org.junit.platform.launcher.core.EngineExecutionOrchestrator.execute(EngineExecutionOrchestrator.java:52)&#13;
	at org.junit.platform.launcher.core.DefaultLauncher.execute(DefaultLauncher.java:114)&#13;
	at org.junit.platform.launcher.core.DefaultLauncher.execute(DefaultLauncher.java:95)&#13;
	at org.junit.platform.launcher.core.DefaultLauncherSession$DelegatingLauncher.execute(DefaultLauncherSession.java:91)&#13;
	at org.junit.platform.launcher.core.SessionPerRequestLauncher.execute(SessionPerRequestLauncher.java:60)&#13;
	at org.eclipse.jdt.internal.junit5.runner.JUnit5TestReference.run(JUnit5TestReference.java:98)&#13;
	at org.eclipse.jdt.internal.junit.runner.TestExecution.run(TestExecution.java:40)&#13;
	at org.eclipse.jdt.internal.junit.runner.RemoteTestRunner.runTests(RemoteTestRunner.java:529)&#13;
	at org.eclipse.jdt.internal.junit.runner.RemoteTestRunner.runTests(RemoteTestRunner.java:756)&#13;
	at org.eclipse.jdt.internal.junit.runner.RemoteTestRunner.run(RemoteTestRunner.java:452)&#13;
	at org.eclipse.jdt.internal.junit.runner.RemoteTestRunner.main(RemoteTestRunner.java:210)&#13;
&#13;
</error>
    <testcase name="testGetAll" classname="org.allianz.hellospringboot.ClienteServiceTests" incomplete="true" displayname="testGetAll()" uniqueid="[engine:junit-jupiter]/[class:org.allianz.hellospringboot.ClienteServiceTests]/[method:testGetAll()]"/>
  </testsuite>
  <testsuite name="org.allianz.hellospringboot.HellospringbootApplicationTests" time="0.004" displayname="HellospringbootApplicationTests" uniqueid="[engine:junit-jupiter]/[class:org.allianz.hellospringboot.HellospringbootApplicationTests]">
    <testcase name="contextLoads" classname="org.allianz.hellospringboot.HellospringbootApplicationTests" time="0.004" displayname="contextLoads()" uniqueid="[engine:junit-jupiter]/[class:org.allianz.hellospringboot.HellospringbootApplicationTests]/[method:contextLoads()]"/>
  </testsuite>
</testrun>
